<?xml version="1.0" encoding="UTF-8"?>
<testng-results ignored="0" total="1" passed="1" failed="0" skipped="0">
  <reporter-output>
  </reporter-output>
  <suite started-at="2024-05-30T00:32:13 CEST" name="AndroidTest" finished-at="2024-05-30T00:32:23 CEST" duration-ms="10100">
    <groups>
    </groups>
    <test started-at="2024-05-30T00:32:13 CEST" name="Command line test" finished-at="2024-05-30T00:32:23 CEST" duration-ms="10100">
      <class name="AndroidTest">
        <test-method signature="demoTest()[pri:0, instance:AndroidTest@6279cee3]" started-at="2024-05-30T00:32:13 CEST" name="demoTest" finished-at="2024-05-30T00:32:23 CEST" duration-ms="10051" status="PASS">
          <reporter-output>
          </reporter-output>
        </test-method> <!-- demoTest -->
      </class> <!-- AndroidTest -->
    </test> <!-- Command line test -->
  </suite> <!-- AndroidTest -->
</testng-results>
